0 info it worked if it ends with ok
1 verbose cli [
1 verbose cli   '/usr/bin/node',
1 verbose cli   '/usr/bin/npm',
1 verbose cli   'install',
1 verbose cli   'quill-image-extend-module',
1 verbose cli   '--savesource',
1 verbose cli   '/data/myproj_venv/bin/activate'
1 verbose cli ]
2 info using npm@6.14.18
3 info using node@v14.21.3
4 verbose npm-session 485a6717763d08b3
5 silly install loadCurrentTree
6 silly install readLocalPackageData
7 silly fetchPackageMetaData error for file:/data/myproj_venv/bin/activate Could not install "../myproj_venv/bin/activate" as it is not a directory and is not a file with a name ending in .tgz, .tar.gz or .tar
8 http fetch GET 304 https://registry.npmmirror.com/quill-image-extend-module 454ms (from cache)
9 http fetch GET 200 https://cdn.npmmirror.com/packages/quill-image-extend-module/1.1.2/quill-image-extend-module-1.1.2.tgz 81ms (from cache)
10 silly pacote range manifest for quill-image-extend-module@^1.1.2 fetched in 549ms
11 timing stage:rollbackFailedOptional Completed in 1ms
12 timing stage:runTopLevelLifecycles Completed in 4042ms
13 verbose stack Error: ENOTDIR: not a directory, open '/data/myproj_venv/bin/activate/package.json'
14 verbose cwd /data/my-project
15 verbose Linux 3.10.0-1160.el7.x86_64
16 verbose argv "/usr/bin/node" "/usr/bin/npm" "install" "quill-image-extend-module" "--savesource" "/data/myproj_venv/bin/activate"
17 verbose node v14.21.3
18 verbose npm  v6.14.18
19 error code ENOLOCAL
20 error Could not install "../myproj_venv/bin/activate" as it is not a directory and is not a file with a name ending in .tgz, .tar.gz or .tar
21 verbose exit [ 1, true ]
